1735509283.064586 client started (3394): version 3.5a, socket /private/tmp/tmux-501/default, protocol 8
1735509283.064657 on Darwin 24.2.0 Darwin Kernel Version 24.2.0: Fri Dec  6 18:51:28 PST 2024; root:xnu-11215.61.5~2/RELEASE_ARM64_T8112
1735509283.064670 using libevent 2.1.12-stable select
1735509283.064681 using utf8proc 2.9.0
1735509283.064689 using ncurses 6.5 20240427
1735509283.064713 flags are 0x18010000
1735509283.064721 socket is /private/tmp/tmux-501/default
1735509283.064739 trying connect
1735509283.064805 add peer 0x150048000: 6 (0x0)
1735509283.067342 sending message 111 to peer 0x150048000 (8 bytes)
1735509283.067356 sending message 111 to peer 0x150048000 (8 bytes)
1735509283.067362 sending message 101 to peer 0x150048000 (14 bytes)
1735509283.067369 sending message 109 to peer 0x150048000 (4 bytes)
1735509283.067374 sending message 102 to peer 0x150048000 (13 bytes)
1735509283.067380 sending message 108 to peer 0x150048000 (32 bytes)
1735509283.067385 sending message 112 to peer 0x150048000 (70 bytes)
1735509283.067391 sending message 112 to peer 0x150048000 (5 bytes)
1735509283.067396 sending message 112 to peer 0x150048000 (5 bytes)
1735509283.067401 sending message 112 to peer 0x150048000 (6 bytes)
1735509283.067407 sending message 112 to peer 0x150048000 (6 bytes)
1735509283.067412 sending message 112 to peer 0x150048000 (11 bytes)
1735509283.067417 sending message 112 to peer 0x150048000 (10 bytes)
1735509283.067423 sending message 112 to peer 0x150048000 (13 bytes)
1735509283.067428 sending message 112 to peer 0x150048000 (14 bytes)
1735509283.067433 sending message 112 to peer 0x150048000 (9 bytes)
1735509283.067438 sending message 112 to peer 0x150048000 (21 bytes)
1735509283.067443 sending message 112 to peer 0x150048000 (19 bytes)
1735509283.067448 sending message 112 to peer 0x150048000 (11 bytes)
1735509283.067453 sending message 112 to peer 0x150048000 (21 bytes)
1735509283.067458 sending message 112 to peer 0x150048000 (13 bytes)
1735509283.067463 sending message 112 to peer 0x150048000 (7 bytes)
1735509283.067469 sending message 112 to peer 0x150048000 (13 bytes)
1735509283.067474 sending message 112 to peer 0x150048000 (7 bytes)
1735509283.067479 sending message 112 to peer 0x150048000 (13 bytes)
1735509283.067484 sending message 112 to peer 0x150048000 (9 bytes)
1735509283.067489 sending message 112 to peer 0x150048000 (21 bytes)
1735509283.067494 sending message 112 to peer 0x150048000 (13 bytes)
1735509283.067499 sending message 112 to peer 0x150048000 (9 bytes)
1735509283.067504 sending message 112 to peer 0x150048000 (16 bytes)
1735509283.067509 sending message 112 to peer 0x150048000 (13 bytes)
1735509283.067514 sending message 112 to peer 0x150048000 (9 bytes)
1735509283.067519 sending message 112 to peer 0x150048000 (9 bytes)
1735509283.067524 sending message 112 to peer 0x150048000 (12 bytes)
1735509283.067529 sending message 112 to peer 0x150048000 (8 bytes)
1735509283.067534 sending message 112 to peer 0x150048000 (12 bytes)
1735509283.067539 sending message 112 to peer 0x150048000 (8 bytes)
1735509283.067545 sending message 112 to peer 0x150048000 (13 bytes)
1735509283.067549 sending message 112 to peer 0x150048000 (7 bytes)
1735509283.067555 sending message 112 to peer 0x150048000 (7 bytes)
1735509283.067560 sending message 112 to peer 0x150048000 (9 bytes)
1735509283.067565 sending message 112 to peer 0x150048000 (12 bytes)
1735509283.067570 sending message 112 to peer 0x150048000 (6 bytes)
1735509283.067575 sending message 112 to peer 0x150048000 (9 bytes)
1735509283.067580 sending message 112 to peer 0x150048000 (15 bytes)
1735509283.067585 sending message 112 to peer 0x150048000 (13 bytes)
1735509283.067590 sending message 112 to peer 0x150048000 (9 bytes)
1735509283.067595 sending message 112 to peer 0x150048000 (12 bytes)
1735509283.067600 sending message 112 to peer 0x150048000 (8 bytes)
1735509283.067605 sending message 112 to peer 0x150048000 (14 bytes)
1735509283.067610 sending message 112 to peer 0x150048000 (11 bytes)
1735509283.067615 sending message 112 to peer 0x150048000 (9 bytes)
1735509283.067633 sending message 112 to peer 0x150048000 (10 bytes)
1735509283.067637 sending message 112 to peer 0x150048000 (10 bytes)
1735509283.067641 sending message 112 to peer 0x150048000 (10 bytes)
1735509283.067644 sending message 112 to peer 0x150048000 (10 bytes)
1735509283.067648 sending message 112 to peer 0x150048000 (11 bytes)
1735509283.067652 sending message 112 to peer 0x150048000 (12 bytes)
1735509283.067655 sending message 112 to peer 0x150048000 (12 bytes)
1735509283.067659 sending message 112 to peer 0x150048000 (12 bytes)
1735509283.067662 sending message 112 to peer 0x150048000 (12 bytes)
1735509283.067666 sending message 112 to peer 0x150048000 (12 bytes)
1735509283.067669 sending message 112 to peer 0x150048000 (11 bytes)
1735509283.067673 sending message 112 to peer 0x150048000 (11 bytes)
1735509283.067676 sending message 112 to peer 0x150048000 (12 bytes)
1735509283.067680 sending message 112 to peer 0x150048000 (12 bytes)
1735509283.067683 sending message 112 to peer 0x150048000 (12 bytes)
1735509283.067687 sending message 112 to peer 0x150048000 (12 bytes)
1735509283.067690 sending message 112 to peer 0x150048000 (12 bytes)
1735509283.067694 sending message 112 to peer 0x150048000 (9 bytes)
1735509283.067698 sending message 112 to peer 0x150048000 (12 bytes)
1735509283.067701 sending message 112 to peer 0x150048000 (13 bytes)
1735509283.067705 sending message 112 to peer 0x150048000 (13 bytes)
1735509283.067708 sending message 112 to peer 0x150048000 (13 bytes)
1735509283.067711 sending message 112 to peer 0x150048000 (13 bytes)
1735509283.067715 sending message 112 to peer 0x150048000 (13 bytes)
1735509283.067719 sending message 112 to peer 0x150048000 (8 bytes)
1735509283.067722 sending message 112 to peer 0x150048000 (11 bytes)
1735509283.067726 sending message 112 to peer 0x150048000 (11 bytes)
1735509283.067729 sending message 112 to peer 0x150048000 (11 bytes)
1735509283.067733 sending message 112 to peer 0x150048000 (12 bytes)
1735509283.067736 sending message 112 to peer 0x150048000 (12 bytes)
1735509283.067740 sending message 112 to peer 0x150048000 (12 bytes)
1735509283.067743 sending message 112 to peer 0x150048000 (12 bytes)
1735509283.067747 sending message 112 to peer 0x150048000 (13 bytes)
1735509283.067750 sending message 112 to peer 0x150048000 (13 bytes)
1735509283.067754 sending message 112 to peer 0x150048000 (13 bytes)
1735509283.067757 sending message 112 to peer 0x150048000 (8 bytes)
1735509283.067761 sending message 112 to peer 0x150048000 (13 bytes)
1735509283.067764 sending message 112 to peer 0x150048000 (13 bytes)
1735509283.067768 sending message 112 to peer 0x150048000 (13 bytes)
1735509283.067771 sending message 112 to peer 0x150048000 (13 bytes)
1735509283.067775 sending message 112 to peer 0x150048000 (13 bytes)
1735509283.067778 sending message 112 to peer 0x150048000 (12 bytes)
1735509283.067782 sending message 112 to peer 0x150048000 (12 bytes)
1735509283.067785 sending message 112 to peer 0x150048000 (12 bytes)
1735509283.067789 sending message 112 to peer 0x150048000 (12 bytes)
1735509283.067792 sending message 112 to peer 0x150048000 (13 bytes)
1735509283.067796 sending message 112 to peer 0x150048000 (8 bytes)
1735509283.067799 sending message 112 to peer 0x150048000 (13 bytes)
1735509283.067803 sending message 112 to peer 0x150048000 (13 bytes)
1735509283.067806 sending message 112 to peer 0x150048000 (13 bytes)
1735509283.067810 sending message 112 to peer 0x150048000 (13 bytes)
1735509283.067813 sending message 112 to peer 0x150048000 (13 bytes)
1735509283.067817 sending message 112 to peer 0x150048000 (13 bytes)
1735509283.067820 sending message 112 to peer 0x150048000 (13 bytes)
1735509283.067824 sending message 112 to peer 0x150048000 (12 bytes)
1735509283.067827 sending message 112 to peer 0x150048000 (12 bytes)
1735509283.067831 sending message 112 to peer 0x150048000 (12 bytes)
1735509283.067834 sending message 112 to peer 0x150048000 (8 bytes)
1735509283.067838 sending message 112 to peer 0x150048000 (12 bytes)
1735509283.067841 sending message 112 to peer 0x150048000 (13 bytes)
1735509283.067853 sending message 112 to peer 0x150048000 (13 bytes)
1735509283.067856 sending message 112 to peer 0x150048000 (13 bytes)
1735509283.067860 sending message 112 to peer 0x150048000 (13 bytes)
1735509283.067863 sending message 112 to peer 0x150048000 (13 bytes)
1735509283.067867 sending message 112 to peer 0x150048000 (13 bytes)
1735509283.067870 sending message 112 to peer 0x150048000 (13 bytes)
1735509283.067874 sending message 112 to peer 0x150048000 (13 bytes)
1735509283.067878 sending message 112 to peer 0x150048000 (12 bytes)
1735509283.067881 sending message 112 to peer 0x150048000 (10 bytes)
1735509283.067885 sending message 112 to peer 0x150048000 (12 bytes)
1735509283.067888 sending message 112 to peer 0x150048000 (12 bytes)
1735509283.067891 sending message 112 to peer 0x150048000 (12 bytes)
1735509283.067895 sending message 112 to peer 0x150048000 (13 bytes)
1735509283.067898 sending message 112 to peer 0x150048000 (13 bytes)
1735509283.067902 sending message 112 to peer 0x150048000 (13 bytes)
1735509283.067905 sending message 112 to peer 0x150048000 (13 bytes)
1735509283.067909 sending message 112 to peer 0x150048000 (13 bytes)
1735509283.067912 sending message 112 to peer 0x150048000 (13 bytes)
1735509283.067916 sending message 112 to peer 0x150048000 (13 bytes)
1735509283.067919 sending message 112 to peer 0x150048000 (10 bytes)
1735509283.067923 sending message 112 to peer 0x150048000 (13 bytes)
1735509283.067926 sending message 112 to peer 0x150048000 (12 bytes)
1735509283.067930 sending message 112 to peer 0x150048000 (12 bytes)
1735509283.067933 sending message 112 to peer 0x150048000 (12 bytes)
1735509283.067937 sending message 112 to peer 0x150048000 (10 bytes)
1735509283.067940 sending message 112 to peer 0x150048000 (10 bytes)
1735509283.067944 sending message 112 to peer 0x150048000 (10 bytes)
1735509283.067947 sending message 112 to peer 0x150048000 (12 bytes)
1735509283.067951 sending message 112 to peer 0x150048000 (13 bytes)
1735509283.067955 sending message 112 to peer 0x150048000 (13 bytes)
1735509283.067958 sending message 112 to peer 0x150048000 (13 bytes)
1735509283.067962 sending message 112 to peer 0x150048000 (13 bytes)
1735509283.067965 sending message 112 to peer 0x150048000 (13 bytes)
1735509283.067968 sending message 112 to peer 0x150048000 (10 bytes)
1735509283.067972 sending message 112 to peer 0x150048000 (11 bytes)
1735509283.067975 sending message 112 to peer 0x150048000 (12 bytes)
1735509283.067979 sending message 112 to peer 0x150048000 (12 bytes)
1735509283.067982 sending message 112 to peer 0x150048000 (12 bytes)
1735509283.067986 sending message 112 to peer 0x150048000 (12 bytes)
1735509283.067989 sending message 112 to peer 0x150048000 (12 bytes)
1735509283.067993 sending message 112 to peer 0x150048000 (11 bytes)
1735509283.067996 sending message 112 to peer 0x150048000 (12 bytes)
1735509283.068000 sending message 112 to peer 0x150048000 (12 bytes)
1735509283.068003 sending message 112 to peer 0x150048000 (13 bytes)
1735509283.068007 sending message 112 to peer 0x150048000 (13 bytes)
1735509283.068010 sending message 112 to peer 0x150048000 (13 bytes)
1735509283.068014 sending message 112 to peer 0x150048000 (13 bytes)
1735509283.068017 sending message 112 to peer 0x150048000 (13 bytes)
1735509283.068021 sending message 112 to peer 0x150048000 (10 bytes)
1735509283.068024 sending message 112 to peer 0x150048000 (9 bytes)
1735509283.068028 sending message 112 to peer 0x150048000 (12 bytes)
1735509283.068031 sending message 112 to peer 0x150048000 (13 bytes)
1735509283.068035 sending message 112 to peer 0x150048000 (13 bytes)
1735509283.068038 sending message 112 to peer 0x150048000 (13 bytes)
1735509283.068042 sending message 112 to peer 0x150048000 (13 bytes)
1735509283.068045 sending message 112 to peer 0x150048000 (13 bytes)
1735509283.068048 sending message 112 to peer 0x150048000 (9 bytes)
1735509283.068052 sending message 112 to peer 0x150048000 (12 bytes)
1735509283.068055 sending message 112 to peer 0x150048000 (13 bytes)
1735509283.068065 sending message 112 to peer 0x150048000 (13 bytes)
1735509283.068069 sending message 112 to peer 0x150048000 (13 bytes)
1735509283.068072 sending message 112 to peer 0x150048000 (13 bytes)
1735509283.068076 sending message 112 to peer 0x150048000 (13 bytes)
1735509283.068079 sending message 112 to peer 0x150048000 (11 bytes)
1735509283.068083 sending message 112 to peer 0x150048000 (12 bytes)
1735509283.068086 sending message 112 to peer 0x150048000 (13 bytes)
1735509283.068090 sending message 112 to peer 0x150048000 (13 bytes)
1735509283.068093 sending message 112 to peer 0x150048000 (13 bytes)
1735509283.068097 sending message 112 to peer 0x150048000 (13 bytes)
1735509283.068100 sending message 112 to peer 0x150048000 (13 bytes)
1735509283.068103 sending message 112 to peer 0x150048000 (11 bytes)
1735509283.068107 sending message 112 to peer 0x150048000 (12 bytes)
1735509283.068110 sending message 112 to peer 0x150048000 (12 bytes)
1735509283.068114 sending message 112 to peer 0x150048000 (12 bytes)
1735509283.068129 sending message 112 to peer 0x150048000 (12 bytes)
1735509283.068133 sending message 112 to peer 0x150048000 (12 bytes)
1735509283.068136 sending message 112 to peer 0x150048000 (21 bytes)
1735509283.068140 sending message 112 to peer 0x150048000 (12 bytes)
1735509283.068143 sending message 112 to peer 0x150048000 (9 bytes)
1735509283.068158 sending message 112 to peer 0x150048000 (6 bytes)
1735509283.068161 sending message 112 to peer 0x150048000 (13 bytes)
1735509283.068165 sending message 112 to peer 0x150048000 (10 bytes)
1735509283.068168 sending message 112 to peer 0x150048000 (15 bytes)
1735509283.068172 sending message 112 to peer 0x150048000 (13 bytes)
1735509283.068175 sending message 112 to peer 0x150048000 (9 bytes)
1735509283.068179 sending message 112 to peer 0x150048000 (70 bytes)
1735509283.068182 sending message 112 to peer 0x150048000 (69 bytes)
1735509283.068186 sending message 112 to peer 0x150048000 (34 bytes)
1735509283.068189 sending message 112 to peer 0x150048000 (34 bytes)
1735509283.068193 sending message 112 to peer 0x150048000 (70 bytes)
1735509283.068196 sending message 112 to peer 0x150048000 (12 bytes)
1735509283.068202 sending message 112 to peer 0x150048000 (10 bytes)
1735509283.068211 sending message 112 to peer 0x150048000 (10 bytes)
1735509283.068214 sending message 112 to peer 0x150048000 (15 bytes)
1735509283.068218 sending message 112 to peer 0x150048000 (13 bytes)
1735509283.068221 sending message 112 to peer 0x150048000 (10 bytes)
1735509283.068225 sending message 112 to peer 0x150048000 (10 bytes)
1735509283.068228 sending message 112 to peer 0x150048000 (17 bytes)
1735509283.068232 sending message 112 to peer 0x150048000 (10 bytes)
1735509283.068235 sending message 112 to peer 0x150048000 (13 bytes)
1735509283.068239 sending message 112 to peer 0x150048000 (32 bytes)
1735509283.068243 sending message 112 to peer 0x150048000 (5 bytes)
1735509283.068246 sending message 112 to peer 0x150048000 (9 bytes)
1735509283.068249 sending message 112 to peer 0x150048000 (15 bytes)
1735509283.068253 sending message 112 to peer 0x150048000 (5 bytes)
1735509283.068258 sending message 104 to peer 0x150048000 (0 bytes)
1735509283.068262 sending message 110 to peer 0x150048000 (0 bytes)
1735509283.068266 sending message 107 to peer 0x150048000 (4 bytes)
1735509283.068269 sending message 105 to peer 0x150048000 (184 bytes)
1735509283.068273 sending message 105 to peer 0x150048000 (75 bytes)
1735509283.068277 sending message 105 to peer 0x150048000 (21 bytes)
1735509283.068281 sending message 105 to peer 0x150048000 (19 bytes)
1735509283.068284 sending message 105 to peer 0x150048000 (15 bytes)
1735509283.068288 sending message 105 to peer 0x150048000 (57 bytes)
1735509283.068291 sending message 105 to peer 0x150048000 (27 bytes)
1735509283.068295 sending message 105 to peer 0x150048000 (18 bytes)
1735509283.068299 sending message 105 to peer 0x150048000 (22 bytes)
1735509283.068303 sending message 105 to peer 0x150048000 (66 bytes)
1735509283.068319 sending message 105 to peer 0x150048000 (32 bytes)
1735509283.068323 sending message 105 to peer 0x150048000 (704 bytes)
1735509283.068327 sending message 105 to peer 0x150048000 (54 bytes)
1735509283.068330 sending message 105 to peer 0x150048000 (43 bytes)
1735509283.068334 sending message 105 to peer 0x150048000 (36 bytes)
1735509283.068337 sending message 105 to peer 0x150048000 (17 bytes)
1735509283.068341 sending message 105 to peer 0x150048000 (14 bytes)
1735509283.068344 sending message 105 to peer 0x150048000 (19 bytes)
1735509283.068348 sending message 105 to peer 0x150048000 (8 bytes)
1735509283.068352 sending message 105 to peer 0x150048000 (25 bytes)
1735509283.068355 sending message 105 to peer 0x150048000 (63 bytes)
1735509283.068359 sending message 105 to peer 0x150048000 (36 bytes)
1735509283.068369 sending message 105 to peer 0x150048000 (21 bytes)
1735509283.068373 sending message 105 to peer 0x150048000 (98 bytes)
1735509283.068377 sending message 105 to peer 0x150048000 (57 bytes)
1735509283.068380 sending message 105 to peer 0x150048000 (24 bytes)
1735509283.068384 sending message 105 to peer 0x150048000 (20 bytes)
1735509283.068388 sending message 105 to peer 0x150048000 (39 bytes)
1735509283.068391 sending message 105 to peer 0x150048000 (30 bytes)
1735509283.068395 sending message 105 to peer 0x150048000 (37 bytes)
1735509283.068398 sending message 105 to peer 0x150048000 (34 bytes)
1735509283.068402 sending message 105 to peer 0x150048000 (85 bytes)
1735509283.068405 sending message 105 to peer 0x150048000 (35 bytes)
1735509283.068409 sending message 105 to peer 0x150048000 (12 bytes)
1735509283.068412 sending message 105 to peer 0x150048000 (10 bytes)
1735509283.068416 sending message 105 to peer 0x150048000 (26 bytes)
1735509283.068419 sending message 105 to peer 0x150048000 (11 bytes)
1735509283.068423 sending message 105 to peer 0x150048000 (8 bytes)
1735509283.068426 sending message 105 to peer 0x150048000 (32 bytes)
1735509283.068430 sending message 105 to peer 0x150048000 (96 bytes)
1735509283.068433 sending message 105 to peer 0x150048000 (30 bytes)
1735509283.068437 sending message 105 to peer 0x150048000 (82 bytes)
1735509283.068440 sending message 105 to peer 0x150048000 (56 bytes)
1735509283.068444 sending message 105 to peer 0x150048000 (16 bytes)
1735509283.068447 sending message 105 to peer 0x150048000 (12 bytes)
1735509283.068451 sending message 105 to peer 0x150048000 (22 bytes)
1735509283.068455 sending message 105 to peer 0x150048000 (25 bytes)
1735509283.068458 sending message 106 to peer 0x150048000 (0 bytes)
1735509283.068542 cmd_pack_argv: argv[0]=new-session
1735509283.068548 sending message 200 to peer 0x150048000 (16 bytes)
1735509283.068552 client loop enter
1735509283.071202 peer 0x150048000 message 207
1735509283.071222 sending message 208 to peer 0x150048000 (0 bytes)
1735509285.812257 client_signal: Window size changes: 28
1735509285.812342 sending message 208 to peer 0x150048000 (0 bytes)
1735509341.801706 peer 0x150048000 message 203
1735509341.802032 sending message 205 to peer 0x150048000 (0 bytes)
1735509341.802360 peer 0x150048000 message 204
1735509341.802388 client loop exit
