1735509274.322246 client started (3115): version 3.5a, socket /private/tmp/tmux-501/default, protocol 8
1735509274.322321 on Darwin 24.2.0 Darwin Kernel Version 24.2.0: Fri Dec  6 18:51:28 PST 2024; root:xnu-11215.61.5~2/RELEASE_ARM64_T8112
1735509274.322336 using libevent 2.1.12-stable select
1735509274.322859 using utf8proc 2.9.0
1735509274.322872 using ncurses 6.5 20240427
1735509274.322896 flags are 0x18010000
1735509274.322904 socket is /private/tmp/tmux-501/default
1735509274.322920 trying connect
1735509274.322973 add peer 0x128048000: 6 (0x0)
1735509274.325505 sending message 111 to peer 0x128048000 (8 bytes)
1735509274.325517 sending message 111 to peer 0x128048000 (8 bytes)
1735509274.325523 sending message 101 to peer 0x128048000 (14 bytes)
1735509274.325529 sending message 109 to peer 0x128048000 (4 bytes)
1735509274.325534 sending message 102 to peer 0x128048000 (13 bytes)
1735509274.325540 sending message 108 to peer 0x128048000 (32 bytes)
1735509274.325545 sending message 112 to peer 0x128048000 (70 bytes)
1735509274.325550 sending message 112 to peer 0x128048000 (5 bytes)
1735509274.325556 sending message 112 to peer 0x128048000 (5 bytes)
1735509274.325561 sending message 112 to peer 0x128048000 (6 bytes)
1735509274.325566 sending message 112 to peer 0x128048000 (6 bytes)
1735509274.325571 sending message 112 to peer 0x128048000 (11 bytes)
1735509274.325576 sending message 112 to peer 0x128048000 (10 bytes)
1735509274.325581 sending message 112 to peer 0x128048000 (13 bytes)
1735509274.325586 sending message 112 to peer 0x128048000 (14 bytes)
1735509274.325591 sending message 112 to peer 0x128048000 (9 bytes)
1735509274.325596 sending message 112 to peer 0x128048000 (21 bytes)
1735509274.325601 sending message 112 to peer 0x128048000 (19 bytes)
1735509274.325606 sending message 112 to peer 0x128048000 (11 bytes)
1735509274.325611 sending message 112 to peer 0x128048000 (21 bytes)
1735509274.325616 sending message 112 to peer 0x128048000 (13 bytes)
1735509274.325621 sending message 112 to peer 0x128048000 (7 bytes)
1735509274.325626 sending message 112 to peer 0x128048000 (13 bytes)
1735509274.325631 sending message 112 to peer 0x128048000 (7 bytes)
1735509274.325636 sending message 112 to peer 0x128048000 (13 bytes)
1735509274.325642 sending message 112 to peer 0x128048000 (9 bytes)
1735509274.325647 sending message 112 to peer 0x128048000 (21 bytes)
1735509274.325652 sending message 112 to peer 0x128048000 (13 bytes)
1735509274.325657 sending message 112 to peer 0x128048000 (9 bytes)
1735509274.325662 sending message 112 to peer 0x128048000 (16 bytes)
1735509274.325667 sending message 112 to peer 0x128048000 (13 bytes)
1735509274.325672 sending message 112 to peer 0x128048000 (9 bytes)
1735509274.325677 sending message 112 to peer 0x128048000 (9 bytes)
1735509274.325682 sending message 112 to peer 0x128048000 (12 bytes)
1735509274.325687 sending message 112 to peer 0x128048000 (8 bytes)
1735509274.325692 sending message 112 to peer 0x128048000 (12 bytes)
1735509274.325697 sending message 112 to peer 0x128048000 (8 bytes)
1735509274.325702 sending message 112 to peer 0x128048000 (13 bytes)
1735509274.325707 sending message 112 to peer 0x128048000 (7 bytes)
1735509274.325712 sending message 112 to peer 0x128048000 (7 bytes)
1735509274.325717 sending message 112 to peer 0x128048000 (9 bytes)
1735509274.325722 sending message 112 to peer 0x128048000 (12 bytes)
1735509274.325727 sending message 112 to peer 0x128048000 (6 bytes)
1735509274.325743 sending message 112 to peer 0x128048000 (9 bytes)
1735509274.325749 sending message 112 to peer 0x128048000 (15 bytes)
1735509274.325754 sending message 112 to peer 0x128048000 (13 bytes)
1735509274.325759 sending message 112 to peer 0x128048000 (9 bytes)
1735509274.325764 sending message 112 to peer 0x128048000 (12 bytes)
1735509274.325769 sending message 112 to peer 0x128048000 (8 bytes)
1735509274.325774 sending message 112 to peer 0x128048000 (14 bytes)
1735509274.325779 sending message 112 to peer 0x128048000 (11 bytes)
1735509274.325784 sending message 112 to peer 0x128048000 (9 bytes)
1735509274.325797 sending message 112 to peer 0x128048000 (10 bytes)
1735509274.325801 sending message 112 to peer 0x128048000 (10 bytes)
1735509274.325805 sending message 112 to peer 0x128048000 (10 bytes)
1735509274.325809 sending message 112 to peer 0x128048000 (10 bytes)
1735509274.325812 sending message 112 to peer 0x128048000 (11 bytes)
1735509274.325816 sending message 112 to peer 0x128048000 (12 bytes)
1735509274.325819 sending message 112 to peer 0x128048000 (12 bytes)
1735509274.325823 sending message 112 to peer 0x128048000 (12 bytes)
1735509274.325826 sending message 112 to peer 0x128048000 (12 bytes)
1735509274.325830 sending message 112 to peer 0x128048000 (12 bytes)
1735509274.325834 sending message 112 to peer 0x128048000 (11 bytes)
1735509274.325837 sending message 112 to peer 0x128048000 (11 bytes)
1735509274.325840 sending message 112 to peer 0x128048000 (12 bytes)
1735509274.325844 sending message 112 to peer 0x128048000 (12 bytes)
1735509274.325847 sending message 112 to peer 0x128048000 (12 bytes)
1735509274.325851 sending message 112 to peer 0x128048000 (12 bytes)
1735509274.325854 sending message 112 to peer 0x128048000 (12 bytes)
1735509274.325858 sending message 112 to peer 0x128048000 (9 bytes)
1735509274.325861 sending message 112 to peer 0x128048000 (12 bytes)
1735509274.325865 sending message 112 to peer 0x128048000 (13 bytes)
1735509274.325868 sending message 112 to peer 0x128048000 (13 bytes)
1735509274.325872 sending message 112 to peer 0x128048000 (13 bytes)
1735509274.325876 sending message 112 to peer 0x128048000 (13 bytes)
1735509274.325879 sending message 112 to peer 0x128048000 (13 bytes)
1735509274.325882 sending message 112 to peer 0x128048000 (8 bytes)
1735509274.325886 sending message 112 to peer 0x128048000 (11 bytes)
1735509274.325889 sending message 112 to peer 0x128048000 (11 bytes)
1735509274.325893 sending message 112 to peer 0x128048000 (11 bytes)
1735509274.325896 sending message 112 to peer 0x128048000 (12 bytes)
1735509274.325900 sending message 112 to peer 0x128048000 (12 bytes)
1735509274.325903 sending message 112 to peer 0x128048000 (12 bytes)
1735509274.325907 sending message 112 to peer 0x128048000 (12 bytes)
1735509274.325910 sending message 112 to peer 0x128048000 (13 bytes)
1735509274.325914 sending message 112 to peer 0x128048000 (13 bytes)
1735509274.325917 sending message 112 to peer 0x128048000 (13 bytes)
1735509274.325921 sending message 112 to peer 0x128048000 (8 bytes)
1735509274.325925 sending message 112 to peer 0x128048000 (13 bytes)
1735509274.325928 sending message 112 to peer 0x128048000 (13 bytes)
1735509274.325931 sending message 112 to peer 0x128048000 (13 bytes)
1735509274.325935 sending message 112 to peer 0x128048000 (13 bytes)
1735509274.325938 sending message 112 to peer 0x128048000 (13 bytes)
1735509274.325942 sending message 112 to peer 0x128048000 (12 bytes)
1735509274.325945 sending message 112 to peer 0x128048000 (12 bytes)
1735509274.325949 sending message 112 to peer 0x128048000 (12 bytes)
1735509274.325952 sending message 112 to peer 0x128048000 (12 bytes)
1735509274.325956 sending message 112 to peer 0x128048000 (13 bytes)
1735509274.325959 sending message 112 to peer 0x128048000 (8 bytes)
1735509274.325963 sending message 112 to peer 0x128048000 (13 bytes)
1735509274.325966 sending message 112 to peer 0x128048000 (13 bytes)
1735509274.325970 sending message 112 to peer 0x128048000 (13 bytes)
1735509274.325973 sending message 112 to peer 0x128048000 (13 bytes)
1735509274.325977 sending message 112 to peer 0x128048000 (13 bytes)
1735509274.325980 sending message 112 to peer 0x128048000 (13 bytes)
1735509274.325983 sending message 112 to peer 0x128048000 (13 bytes)
1735509274.325987 sending message 112 to peer 0x128048000 (12 bytes)
1735509274.325990 sending message 112 to peer 0x128048000 (12 bytes)
1735509274.325994 sending message 112 to peer 0x128048000 (12 bytes)
1735509274.325997 sending message 112 to peer 0x128048000 (8 bytes)
1735509274.326001 sending message 112 to peer 0x128048000 (12 bytes)
1735509274.326004 sending message 112 to peer 0x128048000 (13 bytes)
1735509274.326015 sending message 112 to peer 0x128048000 (13 bytes)
1735509274.326019 sending message 112 to peer 0x128048000 (13 bytes)
1735509274.326022 sending message 112 to peer 0x128048000 (13 bytes)
1735509274.326026 sending message 112 to peer 0x128048000 (13 bytes)
1735509274.326029 sending message 112 to peer 0x128048000 (13 bytes)
1735509274.326033 sending message 112 to peer 0x128048000 (13 bytes)
1735509274.326036 sending message 112 to peer 0x128048000 (13 bytes)
1735509274.326040 sending message 112 to peer 0x128048000 (12 bytes)
1735509274.326043 sending message 112 to peer 0x128048000 (10 bytes)
1735509274.326047 sending message 112 to peer 0x128048000 (12 bytes)
1735509274.326050 sending message 112 to peer 0x128048000 (12 bytes)
1735509274.326054 sending message 112 to peer 0x128048000 (12 bytes)
1735509274.326057 sending message 112 to peer 0x128048000 (13 bytes)
1735509274.326061 sending message 112 to peer 0x128048000 (13 bytes)
1735509274.326064 sending message 112 to peer 0x128048000 (13 bytes)
1735509274.326068 sending message 112 to peer 0x128048000 (13 bytes)
1735509274.326071 sending message 112 to peer 0x128048000 (13 bytes)
1735509274.326075 sending message 112 to peer 0x128048000 (13 bytes)
1735509274.326078 sending message 112 to peer 0x128048000 (13 bytes)
1735509274.326082 sending message 112 to peer 0x128048000 (10 bytes)
1735509274.326085 sending message 112 to peer 0x128048000 (13 bytes)
1735509274.326089 sending message 112 to peer 0x128048000 (12 bytes)
1735509274.326092 sending message 112 to peer 0x128048000 (12 bytes)
1735509274.326096 sending message 112 to peer 0x128048000 (12 bytes)
1735509274.326099 sending message 112 to peer 0x128048000 (10 bytes)
1735509274.326103 sending message 112 to peer 0x128048000 (10 bytes)
1735509274.326106 sending message 112 to peer 0x128048000 (10 bytes)
1735509274.326110 sending message 112 to peer 0x128048000 (12 bytes)
1735509274.326113 sending message 112 to peer 0x128048000 (13 bytes)
1735509274.326117 sending message 112 to peer 0x128048000 (13 bytes)
1735509274.326120 sending message 112 to peer 0x128048000 (13 bytes)
1735509274.326123 sending message 112 to peer 0x128048000 (13 bytes)
1735509274.326127 sending message 112 to peer 0x128048000 (13 bytes)
1735509274.326130 sending message 112 to peer 0x128048000 (10 bytes)
1735509274.326134 sending message 112 to peer 0x128048000 (11 bytes)
1735509274.326137 sending message 112 to peer 0x128048000 (12 bytes)
1735509274.326141 sending message 112 to peer 0x128048000 (12 bytes)
1735509274.326144 sending message 112 to peer 0x128048000 (12 bytes)
1735509274.326148 sending message 112 to peer 0x128048000 (12 bytes)
1735509274.326151 sending message 112 to peer 0x128048000 (12 bytes)
1735509274.326155 sending message 112 to peer 0x128048000 (11 bytes)
1735509274.326158 sending message 112 to peer 0x128048000 (12 bytes)
1735509274.326162 sending message 112 to peer 0x128048000 (12 bytes)
1735509274.326165 sending message 112 to peer 0x128048000 (13 bytes)
1735509274.326168 sending message 112 to peer 0x128048000 (13 bytes)
1735509274.326172 sending message 112 to peer 0x128048000 (13 bytes)
1735509274.326175 sending message 112 to peer 0x128048000 (13 bytes)
1735509274.326179 sending message 112 to peer 0x128048000 (13 bytes)
1735509274.326182 sending message 112 to peer 0x128048000 (10 bytes)
1735509274.326186 sending message 112 to peer 0x128048000 (9 bytes)
1735509274.326189 sending message 112 to peer 0x128048000 (12 bytes)
1735509274.326193 sending message 112 to peer 0x128048000 (13 bytes)
1735509274.326196 sending message 112 to peer 0x128048000 (13 bytes)
1735509274.326200 sending message 112 to peer 0x128048000 (13 bytes)
1735509274.326203 sending message 112 to peer 0x128048000 (13 bytes)
1735509274.326207 sending message 112 to peer 0x128048000 (13 bytes)
1735509274.326210 sending message 112 to peer 0x128048000 (9 bytes)
1735509274.326213 sending message 112 to peer 0x128048000 (12 bytes)
1735509274.326217 sending message 112 to peer 0x128048000 (13 bytes)
1735509274.326226 sending message 112 to peer 0x128048000 (13 bytes)
1735509274.326230 sending message 112 to peer 0x128048000 (13 bytes)
1735509274.326234 sending message 112 to peer 0x128048000 (13 bytes)
1735509274.326237 sending message 112 to peer 0x128048000 (13 bytes)
1735509274.326241 sending message 112 to peer 0x128048000 (11 bytes)
1735509274.326244 sending message 112 to peer 0x128048000 (12 bytes)
1735509274.326248 sending message 112 to peer 0x128048000 (13 bytes)
1735509274.326251 sending message 112 to peer 0x128048000 (13 bytes)
1735509274.326255 sending message 112 to peer 0x128048000 (13 bytes)
1735509274.326258 sending message 112 to peer 0x128048000 (13 bytes)
1735509274.326262 sending message 112 to peer 0x128048000 (13 bytes)
1735509274.326265 sending message 112 to peer 0x128048000 (11 bytes)
1735509274.326269 sending message 112 to peer 0x128048000 (12 bytes)
1735509274.326272 sending message 112 to peer 0x128048000 (12 bytes)
1735509274.326275 sending message 112 to peer 0x128048000 (12 bytes)
1735509274.326279 sending message 112 to peer 0x128048000 (12 bytes)
1735509274.326282 sending message 112 to peer 0x128048000 (12 bytes)
1735509274.326286 sending message 112 to peer 0x128048000 (21 bytes)
1735509274.326289 sending message 112 to peer 0x128048000 (12 bytes)
1735509274.326293 sending message 112 to peer 0x128048000 (9 bytes)
1735509274.326296 sending message 112 to peer 0x128048000 (6 bytes)
1735509274.326300 sending message 112 to peer 0x128048000 (13 bytes)
1735509274.326303 sending message 112 to peer 0x128048000 (10 bytes)
1735509274.326307 sending message 112 to peer 0x128048000 (15 bytes)
1735509274.326310 sending message 112 to peer 0x128048000 (13 bytes)
1735509274.326314 sending message 112 to peer 0x128048000 (9 bytes)
1735509274.326317 sending message 112 to peer 0x128048000 (70 bytes)
1735509274.326321 sending message 112 to peer 0x128048000 (69 bytes)
1735509274.326324 sending message 112 to peer 0x128048000 (34 bytes)
1735509274.326328 sending message 112 to peer 0x128048000 (34 bytes)
1735509274.326331 sending message 112 to peer 0x128048000 (70 bytes)
1735509274.326335 sending message 112 to peer 0x128048000 (12 bytes)
1735509274.326338 sending message 112 to peer 0x128048000 (10 bytes)
1735509274.326342 sending message 112 to peer 0x128048000 (10 bytes)
1735509274.326345 sending message 112 to peer 0x128048000 (15 bytes)
1735509274.326349 sending message 112 to peer 0x128048000 (13 bytes)
1735509274.326352 sending message 112 to peer 0x128048000 (10 bytes)
1735509274.326355 sending message 112 to peer 0x128048000 (10 bytes)
1735509274.326359 sending message 112 to peer 0x128048000 (17 bytes)
1735509274.326362 sending message 112 to peer 0x128048000 (10 bytes)
1735509274.326366 sending message 112 to peer 0x128048000 (13 bytes)
1735509274.326369 sending message 112 to peer 0x128048000 (32 bytes)
1735509274.326373 sending message 112 to peer 0x128048000 (5 bytes)
1735509274.326376 sending message 112 to peer 0x128048000 (9 bytes)
1735509274.326380 sending message 112 to peer 0x128048000 (15 bytes)
1735509274.326383 sending message 112 to peer 0x128048000 (5 bytes)
1735509274.326388 sending message 104 to peer 0x128048000 (0 bytes)
1735509274.326393 sending message 110 to peer 0x128048000 (0 bytes)
1735509274.326396 sending message 107 to peer 0x128048000 (4 bytes)
1735509274.326400 sending message 105 to peer 0x128048000 (184 bytes)
1735509274.326404 sending message 105 to peer 0x128048000 (75 bytes)
1735509274.326407 sending message 105 to peer 0x128048000 (21 bytes)
1735509274.326411 sending message 105 to peer 0x128048000 (19 bytes)
1735509274.326414 sending message 105 to peer 0x128048000 (15 bytes)
1735509274.326418 sending message 105 to peer 0x128048000 (57 bytes)
1735509274.326421 sending message 105 to peer 0x128048000 (27 bytes)
1735509274.326425 sending message 105 to peer 0x128048000 (18 bytes)
1735509274.326428 sending message 105 to peer 0x128048000 (22 bytes)
1735509274.326432 sending message 105 to peer 0x128048000 (66 bytes)
1735509274.326443 sending message 105 to peer 0x128048000 (32 bytes)
1735509274.326447 sending message 105 to peer 0x128048000 (704 bytes)
1735509274.326451 sending message 105 to peer 0x128048000 (54 bytes)
1735509274.326454 sending message 105 to peer 0x128048000 (43 bytes)
1735509274.326458 sending message 105 to peer 0x128048000 (36 bytes)
1735509274.326462 sending message 105 to peer 0x128048000 (17 bytes)
1735509274.326465 sending message 105 to peer 0x128048000 (14 bytes)
1735509274.326469 sending message 105 to peer 0x128048000 (19 bytes)
1735509274.326472 sending message 105 to peer 0x128048000 (8 bytes)
1735509274.326476 sending message 105 to peer 0x128048000 (25 bytes)
1735509274.326479 sending message 105 to peer 0x128048000 (63 bytes)
1735509274.326483 sending message 105 to peer 0x128048000 (36 bytes)
1735509274.326490 sending message 105 to peer 0x128048000 (21 bytes)
1735509274.326494 sending message 105 to peer 0x128048000 (98 bytes)
1735509274.326497 sending message 105 to peer 0x128048000 (57 bytes)
1735509274.326501 sending message 105 to peer 0x128048000 (24 bytes)
1735509274.326504 sending message 105 to peer 0x128048000 (20 bytes)
1735509274.326508 sending message 105 to peer 0x128048000 (39 bytes)
1735509274.326511 sending message 105 to peer 0x128048000 (30 bytes)
1735509274.326515 sending message 105 to peer 0x128048000 (37 bytes)
1735509274.326518 sending message 105 to peer 0x128048000 (34 bytes)
1735509274.326522 sending message 105 to peer 0x128048000 (85 bytes)
1735509274.326525 sending message 105 to peer 0x128048000 (35 bytes)
1735509274.326529 sending message 105 to peer 0x128048000 (12 bytes)
1735509274.326532 sending message 105 to peer 0x128048000 (10 bytes)
1735509274.326536 sending message 105 to peer 0x128048000 (26 bytes)
1735509274.326539 sending message 105 to peer 0x128048000 (11 bytes)
1735509274.326543 sending message 105 to peer 0x128048000 (8 bytes)
1735509274.326547 sending message 105 to peer 0x128048000 (32 bytes)
1735509274.326550 sending message 105 to peer 0x128048000 (96 bytes)
1735509274.326554 sending message 105 to peer 0x128048000 (30 bytes)
1735509274.326557 sending message 105 to peer 0x128048000 (82 bytes)
1735509274.326561 sending message 105 to peer 0x128048000 (56 bytes)
1735509274.326564 sending message 105 to peer 0x128048000 (16 bytes)
1735509274.326568 sending message 105 to peer 0x128048000 (12 bytes)
1735509274.326571 sending message 105 to peer 0x128048000 (22 bytes)
1735509274.326575 sending message 105 to peer 0x128048000 (25 bytes)
1735509274.326578 sending message 106 to peer 0x128048000 (0 bytes)
1735509274.326645 cmd_pack_argv: argv[0]=new-session
1735509274.326651 sending message 200 to peer 0x128048000 (16 bytes)
1735509274.326655 client loop enter
1735509274.329588 peer 0x128048000 message 207
1735509274.329598 sending message 208 to peer 0x128048000 (0 bytes)
1735509277.210061 client_signal: Window size changes: 28
1735509277.210125 sending message 208 to peer 0x128048000 (0 bytes)
1735509281.275913 client_signal: Window size changes: 28
1735509281.275986 sending message 208 to peer 0x128048000 (0 bytes)
1735509380.197058 peer 0x128048000 message 210
1735509380.197283 sending message 205 to peer 0x128048000 (0 bytes)
1735509380.197569 peer 0x128048000 message 204
1735509380.197626 client loop exit
